<?xml version="1.0" encoding="UTF-8" ?>
<testsuite tests="7" failures="1" name="TestSuite" time="9.615" errors="0" skipped="0">
  <properties>
[...]
</properties>
  <testcase classname="com.weborders.tests.smoke_test.PageHeadersTest" name="pageHeadersTest" time="2.831"/>
  <testcase classname="com.weborders.tests.functional_tests.PositiveTest" name="ValidCredentials" time="0.8"/>
  <testcase classname="com.weborders.tests.functional_tests.OrderPageTest" name="orderInfo" time="2.923"/>
  <testcase classname="com.weborders.tests.functional_tests.NegativeTest" name="wrongEmailTest" time="0.08">
    <failure message="Keys to send should be a not null CharSequence" type="java.lang.IllegalArgumentException">java.lang.IllegalArgumentException: Keys to send should be a not null CharSequence
	at org.openqa.selenium.remote.RemoteWebElement.sendKeys(RemoteWebElement.java:97)
	at jdk.internal.reflect.GeneratedMethodAccessor1.invoke(Unknown Source)
	at java.base/jdk.internal.reflect.DelegatingMethodAccessorImpl.invoke(DelegatingMethodAccessorImpl.java:43)
	at java.base/java.lang.reflect.Method.invoke(Method.java:567)
	at org.openqa.selenium.support.pagefactory.internal.LocatingElementHandler.invoke(LocatingElementHandler.java:51)
	at com.sun.proxy.$Proxy14.sendKeys(Unknown Source)
	at com.weborders.tests.functional_tests.NegativeTest.wrongEmailTest(NegativeTest.java:23)
</failure>
    <system-err>1585945357933	Marionette	INFO	Stopped listening on port 50959
1585945365067	mozrunner::runner	INFO	Running command: &quot;/Applications/Firefox.app/Contents/MacOS/firefox-bin&quot; &quot;-marionette&quot; &quot;-foreground&quot; &quot;-no-remote&quot; &quot;-profile&quot; &quot;/var/folders/b9/nqgfnl6501v8g2vbp36tms080000gp/T/rust_mozprofileenrSdX&quot;
1585945365728	addons.webextension.doh-rollout@mozilla.org	WARN	Loading extension &apos;doh-rollout@mozilla.org&apos;: Reading manifest: Invalid extension permission: networkStatus
1585945366161	addons.webextension.screenshots@mozilla.org	WARN	Loading extension &apos;screenshots@mozilla.org&apos;: Reading manifest: Invalid extension permission: mozillaAddons
1585945366161	addons.webextension.screenshots@mozilla.org	WARN	Loading extension &apos;screenshots@mozilla.org&apos;: Reading manifest: Invalid extension permission: telemetry
1585945366161	addons.webextension.screenshots@mozilla.org	WARN	Loading extension &apos;screenshots@mozilla.org&apos;: Reading manifest: Invalid extension permission: resource://pdf.js/
1585945366161	addons.webextension.screenshots@mozilla.org	WARN	Loading extension &apos;screenshots@mozilla.org&apos;: Reading manifest: Invalid extension permission: about:reader*
1585945369558	Marionette	INFO	Listening on port 51151
1585945369589	Marionette	WARN	TLS certificate errors will be ignored for this session
Apr 03, 2020 2:22:49 PM org.openqa.selenium.remote.ProtocolHandshake createSession
INFO: Detected dialect: W3C
</system-err>
  </testcase>
  <testcase classname="com.weborders.tests.functional_tests.NegativeTest" name="wrongPassword" time="0.361"/>
  <testcase classname="com.weborders.tests.functional_tests.PositiveTest" name="ViewAllOrdersPage" time="1.839"/>
  <testcase classname="com.weborders.tests.functional_tests.NegativeTest" name="blankUserName" time="0.781"/>
</testsuite>